# JRE version: OpenJDK Runtime Environment Microsoft-11369865 (17.0.15+6) (build 17.0.15+6-LTS)
# Java VM: OpenJDK 64-Bit Server VM Microsoft-11369865 (17.0.15+6-LTS, mixed mode, sharing, tiered, compressed oops, compressed class ptrs, parallel gc, windows-amd64)
GC Precious Log:
 CPUs: 8 total, 8 available
 Memory: 7926M
 Large Page Support: Disabled
 NUMA Support: Disabled
 Compressed Oops: Enabled (Zero based)
 Alignments: Space 512K, Generation 512K, Heap 2M
 Heap Min Capacity: 8M
 Heap Initial Capacity: 124M
 Heap Max Capacity: 4G
 Pre-touch: Disabled
 Parallel Workers: 8
Heap:
 PSYoungGen      total 741888K, used 453612K [0x00000007aab00000, 0x00000007db200000, 0x0000000800000000)
  eden space 707584K, 59% used [0x00000007aab00000,0x00000007c447f080,0x00000007d5e00000)
  from space 34304K, 99% used [0x00000007d9080000,0x00000007db1fc038,0x00000007db200000)
  to   space 43008K, 0% used [0x00000007d5e00000,0x00000007d5e00000,0x00000007d8800000)
 ParOldGen       total 186880K, used 121385K [0x0000000700000000, 0x000000070b680000, 0x00000007aab00000)
  object space 186880K, 64% used [0x0000000700000000,0x000000070768a7f8,0x000000070b680000)
 Metaspace       used 166887K, committed 168064K, reserved 1245184K
  class space    used 20618K, committed 21184K, reserved 1048576K
GC Heap History (20 events):
Event: 100.749 GC heap before
{Heap before GC invocations=106 (full 5):
 PSYoungGen      total 513536K, used 509525K [0x00000007aab00000, 0x00000007cbb80000, 0x0000000800000000)
  eden space 491008K, 100% used [0x00000007aab00000,0x00000007c8a80000,0x00000007c8a80000)
  from space 22528K, 82% used [0x00000007ca500000,0x00000007cb7154d8,0x00000007cbb00000)
  to   space 25088K, 0% used [0x00000007c8a80000,0x00000007c8a80000,0x00000007ca300000)
 ParOldGen       total 141312K, used 112894K [0x0000000700000000, 0x0000000708a00000, 0x00000007aab00000)
  object space 141312K, 79% used [0x0000000700000000,0x0000000706e3f9d8,0x0000000708a00000)
 Metaspace       used 155496K, committed 156544K, reserved 1245184K
  class space    used 19186K, committed 19712K, reserved 1048576K
}
Event: 100.773 GC heap after
{Heap after GC invocations=106 (full 5):
 PSYoungGen      total 516096K, used 25060K [0x00000007aab00000, 0x00000007cc580000, 0x0000000800000000)
  eden space 491008K, 0% used [0x00000007aab00000,0x00000007aab00000,0x00000007c8a80000)
  from space 25088K, 99% used [0x00000007c8a80000,0x00000007ca2f9090,0x00000007ca300000)
  to   space 30208K, 0% used [0x00000007ca800000,0x00000007ca800000,0x00000007cc580000)
 ParOldGen       total 141312K, used 115608K [0x0000000700000000, 0x0000000708a00000, 0x00000007aab00000)
  object space 141312K, 81% used [0x0000000700000000,0x00000007070e6078,0x0000000708a00000)
 Metaspace       used 155496K, committed 156544K, reserved 1245184K
  class space    used 19186K, committed 19712K, reserved 1048576K
}
Event: 101.791 GC heap before
{Heap before GC invocations=107 (full 5):
 PSYoungGen      total 516096K, used 516068K [0x00000007aab00000, 0x00000007cc580000, 0x0000000800000000)
  eden space 491008K, 100% used [0x00000007aab00000,0x00000007c8a80000,0x00000007c8a80000)
  from space 25088K, 99% used [0x00000007c8a80000,0x00000007ca2f9090,0x00000007ca300000)
  to   space 30208K, 0% used [0x00000007ca800000,0x00000007ca800000,0x00000007cc580000)
 ParOldGen       total 141312K, used 115707K [0x0000000700000000, 0x0000000708a00000, 0x00000007aab00000)
  object space 141312K, 81% used [0x0000000700000000,0x00000007070fee58,0x0000000708a00000)
 Metaspace       used 155518K, committed 156544K, reserved 1245184K
  class space    used 19186K, committed 19712K, reserved 1048576K
}
Event: 101.917 GC heap after
{Heap after GC invocations=107 (full 5):
 PSYoungGen      total 516608K, used 28046K [0x00000007aab00000, 0x00000007cce80000, 0x0000000800000000)
  eden space 486400K, 0% used [0x00000007aab00000,0x00000007aab00000,0x00000007c8600000)
  from space 30208K, 92% used [0x00000007ca800000,0x00000007cc363a58,0x00000007cc580000)
  to   space 34816K, 0% used [0x00000007c8600000,0x00000007c8600000,0x00000007ca800000)
 ParOldGen       total 141312K, used 115779K [0x0000000700000000, 0x0000000708a00000, 0x00000007aab00000)
  object space 141312K, 81% used [0x0000000700000000,0x0000000707110e58,0x0000000708a00000)
 Metaspace       used 155518K, committed 156544K, reserved 1245184K
  class space    used 19186K, committed 19712K, reserved 1048576K
}
Event: 103.935 GC heap before
{Heap before GC invocations=108 (full 5):
 PSYoungGen      total 516608K, used 514446K [0x00000007aab00000, 0x00000007cce80000, 0x0000000800000000)
  eden space 486400K, 100% used [0x00000007aab00000,0x00000007c8600000,0x00000007c8600000)
  from space 30208K, 92% used [0x00000007ca800000,0x00000007cc363a58,0x00000007cc580000)
  to   space 34816K, 0% used [0x00000007c8600000,0x00000007c8600000,0x00000007ca800000)
 ParOldGen       total 141312K, used 115864K [0x0000000700000000, 0x0000000708a00000, 0x00000007aab00000)
  object space 141312K, 81% used [0x0000000700000000,0x00000007071260d8,0x0000000708a00000)
 Metaspace       used 155519K, committed 156544K, reserved 1245184K
  class space    used 19186K, committed 19712K, reserved 1048576K
}
Event: 103.947 GC heap after
{Heap after GC invocations=108 (full 5):
 PSYoungGen      total 521216K, used 27156K [0x00000007aab00000, 0x00000007d1980000, 0x0000000800000000)
  eden space 486400K, 0% used [0x00000007aab00000,0x00000007aab00000,0x00000007c8600000)
  from space 34816K, 78% used [0x00000007c8600000,0x00000007ca085260,0x00000007ca800000)
  to   space 37888K, 0% used [0x00000007cf480000,0x00000007cf480000,0x00000007d1980000)
 ParOldGen       total 141312K, used 116080K [0x0000000700000000, 0x0000000708a00000, 0x00000007aab00000)
  object space 141312K, 82% used [0x0000000700000000,0x000000070715c0d8,0x0000000708a00000)
 Metaspace       used 155519K, committed 156544K, reserved 1245184K
  class space    used 19186K, committed 19712K, reserved 1048576K
}
Event: 105.787 GC heap before
{Heap before GC invocations=109 (full 5):
 PSYoungGen      total 521216K, used 513556K [0x00000007aab00000, 0x00000007d1980000, 0x0000000800000000)
  eden space 486400K, 100% used [0x00000007aab00000,0x00000007c8600000,0x00000007c8600000)
  from space 34816K, 78% used [0x00000007c8600000,0x00000007ca085260,0x00000007ca800000)
  to   space 37888K, 0% used [0x00000007cf480000,0x00000007cf480000,0x00000007d1980000)
 ParOldGen       total 141312K, used 116080K [0x0000000700000000, 0x0000000708a00000, 0x00000007aab00000)
  object space 141312K, 82% used [0x0000000700000000,0x000000070715c0d8,0x0000000708a00000)
 Metaspace       used 155519K, committed 156544K, reserved 1245184K
  class space    used 19186K, committed 19712K, reserved 1048576K
}
Event: 105.822 GC heap after
{Heap after GC invocations=109 (full 5):
 PSYoungGen      total 595968K, used 30088K [0x00000007aab00000, 0x00000007d1f00000, 0x0000000800000000)
  eden space 558080K, 0% used [0x00000007aab00000,0x00000007aab00000,0x00000007ccc00000)
  from space 37888K, 79% used [0x00000007cf480000,0x00000007d11e2080,0x00000007d1980000)
  to   space 41472K, 0% used [0x00000007ccc00000,0x00000007ccc00000,0x00000007cf480000)
 ParOldGen       total 141312K, used 116184K [0x0000000700000000, 0x0000000708a00000, 0x00000007aab00000)
  object space 141312K, 82% used [0x0000000700000000,0x00000007071760d8,0x0000000708a00000)
 Metaspace       used 155519K, committed 156544K, reserved 1245184K
  class space    used 19186K, committed 19712K, reserved 1048576K
}
Event: 108.162 GC heap before
{Heap before GC invocations=110 (full 5):
 PSYoungGen      total 595968K, used 588168K [0x00000007aab00000, 0x00000007d1f00000, 0x0000000800000000)
  eden space 558080K, 100% used [0x00000007aab00000,0x00000007ccc00000,0x00000007ccc00000)
  from space 37888K, 79% used [0x00000007cf480000,0x00000007d11e2080,0x00000007d1980000)
  to   space 41472K, 0% used [0x00000007ccc00000,0x00000007ccc00000,0x00000007cf480000)
 ParOldGen       total 141312K, used 116184K [0x0000000700000000, 0x0000000708a00000, 0x00000007aab00000)
  object space 141312K, 82% used [0x0000000700000000,0x00000007071760d8,0x0000000708a00000)
 Metaspace       used 155521K, committed 156544K, reserved 1245184K
  class space    used 19186K, committed 19712K, reserved 1048576K
}
Event: 108.180 GC heap after
{Heap after GC invocations=110 (full 5):
 PSYoungGen      total 599552K, used 33311K [0x00000007aab00000, 0x00000007d7280000, 0x0000000800000000)
  eden space 558080K, 0% used [0x00000007aab00000,0x00000007aab00000,0x00000007ccc00000)
  from space 41472K, 80% used [0x00000007ccc00000,0x00000007cec87d80,0x00000007cf480000)
  to   space 45056K, 0% used [0x00000007d4680000,0x00000007d4680000,0x00000007d7280000)
 ParOldGen       total 141312K, used 116192K [0x0000000700000000, 0x0000000708a00000, 0x00000007aab00000)
  object space 141312K, 82% used [0x0000000700000000,0x00000007071780d8,0x0000000708a00000)
 Metaspace       used 155521K, committed 156544K, reserved 1245184K
  class space    used 19186K, committed 19712K, reserved 1048576K
}
Event: 110.798 GC heap before
{Heap before GC invocations=111 (full 5):
 PSYoungGen      total 599552K, used 591391K [0x00000007aab00000, 0x00000007d7280000, 0x0000000800000000)
  eden space 558080K, 100% used [0x00000007aab00000,0x00000007ccc00000,0x00000007ccc00000)
  from space 41472K, 80% used [0x00000007ccc00000,0x00000007cec87d80,0x00000007cf480000)
  to   space 45056K, 0% used [0x00000007d4680000,0x00000007d4680000,0x00000007d7280000)
 ParOldGen       total 141312K, used 116192K [0x0000000700000000, 0x0000000708a00000, 0x00000007aab00000)
  object space 141312K, 82% used [0x0000000700000000,0x00000007071780d8,0x0000000708a00000)
 Metaspace       used 155521K, committed 156544K, reserved 1245184K
  class space    used 19186K, committed 19712K, reserved 1048576K
}
Event: 110.817 GC heap after
{Heap after GC invocations=111 (full 5):
 PSYoungGen      total 673280K, used 20625K [0x00000007aab00000, 0x00000007d6c00000, 0x0000000800000000)
  eden space 634880K, 0% used [0x00000007aab00000,0x00000007aab00000,0x00000007d1700000)
  from space 38400K, 53% used [0x00000007d4680000,0x00000007d5aa4630,0x00000007d6c00000)
  to   space 43520K, 0% used [0x00000007d1700000,0x00000007d1700000,0x00000007d4180000)
 ParOldGen       total 141312K, used 132152K [0x0000000700000000, 0x0000000708a00000, 0x00000007aab00000)
  object space 141312K, 93% used [0x0000000700000000,0x000000070810e2f0,0x0000000708a00000)
 Metaspace       used 155521K, committed 156544K, reserved 1245184K
  class space    used 19186K, committed 19712K, reserved 1048576K
}
Event: 114.630 GC heap before
{Heap before GC invocations=112 (full 6):
 PSYoungGen      total 673280K, used 655505K [0x00000007aab00000, 0x00000007d6c00000, 0x0000000800000000)
  eden space 634880K, 100% used [0x00000007aab00000,0x00000007d1700000,0x00000007d1700000)
  from space 38400K, 53% used [0x00000007d4680000,0x00000007d5aa4630,0x00000007d6c00000)
  to   space 43520K, 0% used [0x00000007d1700000,0x00000007d1700000,0x00000007d4180000)
 ParOldGen       total 141312K, used 132152K [0x0000000700000000, 0x0000000708a00000, 0x00000007aab00000)
  object space 141312K, 93% used [0x0000000700000000,0x000000070810e2f0,0x0000000708a00000)
 Metaspace       used 155539K, committed 156608K, reserved 1245184K
  class space    used 19186K, committed 19712K, reserved 1048576K
}
Event: 115.421 GC heap after
{Heap after GC invocations=112 (full 6):
 PSYoungGen      total 678400K, used 0K [0x00000007aab00000, 0x00000007dbb00000, 0x0000000800000000)
  eden space 634880K, 0% used [0x00000007aab00000,0x00000007aab00000,0x00000007d1700000)
  from space 43520K, 0% used [0x00000007d1700000,0x00000007d1700000,0x00000007d4180000)
  to   space 43520K, 0% used [0x00000007d9080000,0x00000007d9080000,0x00000007dbb00000)
 ParOldGen       total 186880K, used 103904K [0x0000000700000000, 0x000000070b680000, 0x00000007aab00000)
  object space 186880K, 55% used [0x0000000700000000,0x00000007065780e0,0x000000070b680000)
 Metaspace       used 155539K, committed 156608K, reserved 1245184K
  class space    used 19186K, committed 19712K, reserved 1048576K
}
Event: 118.673 GC heap before
{Heap before GC invocations=113 (full 6):
 PSYoungGen      total 678400K, used 634880K [0x00000007aab00000, 0x00000007dbb00000, 0x0000000800000000)
  eden space 634880K, 100% used [0x00000007aab00000,0x00000007d1700000,0x00000007d1700000)
  from space 43520K, 0% used [0x00000007d1700000,0x00000007d1700000,0x00000007d4180000)
  to   space 43520K, 0% used [0x00000007d9080000,0x00000007d9080000,0x00000007dbb00000)
 ParOldGen       total 186880K, used 103904K [0x0000000700000000, 0x000000070b680000, 0x00000007aab00000)
  object space 186880K, 55% used [0x0000000700000000,0x00000007065780e0,0x000000070b680000)
 Metaspace       used 155547K, committed 156608K, reserved 1245184K
  class space    used 19186K, committed 19712K, reserved 1048576K
}
Event: 118.677 GC heap after
{Heap after GC invocations=113 (full 6):
 PSYoungGen      total 741888K, used 5017K [0x00000007aab00000, 0x00000007db200000, 0x0000000800000000)
  eden space 707584K, 0% used [0x00000007aab00000,0x00000007aab00000,0x00000007d5e00000)
  from space 34304K, 14% used [0x00000007d9080000,0x00000007d9566748,0x00000007db200000)
  to   space 43008K, 0% used [0x00000007d5e00000,0x00000007d5e00000,0x00000007d8800000)
 ParOldGen       total 186880K, used 103904K [0x0000000700000000, 0x000000070b680000, 0x00000007aab00000)
  object space 186880K, 55% used [0x0000000700000000,0x00000007065780e0,0x000000070b680000)
 Metaspace       used 155547K, committed 156608K, reserved 1245184K
  class space    used 19186K, committed 19712K, reserved 1048576K
}
Event: 119.760 GC heap before
{Heap before GC invocations=114 (full 6):
 PSYoungGen      total 741888K, used 712601K [0x00000007aab00000, 0x00000007db200000, 0x0000000800000000)
  eden space 707584K, 100% used [0x00000007aab00000,0x00000007d5e00000,0x00000007d5e00000)
  from space 34304K, 14% used [0x00000007d9080000,0x00000007d9566748,0x00000007db200000)
  to   space 43008K, 0% used [0x00000007d5e00000,0x00000007d5e00000,0x00000007d8800000)
 ParOldGen       total 186880K, used 103904K [0x0000000700000000, 0x000000070b680000, 0x00000007aab00000)
  object space 186880K, 55% used [0x0000000700000000,0x00000007065780e0,0x000000070b680000)
 Metaspace       used 155547K, committed 156608K, reserved 1245184K
  class space    used 19186K, committed 19712K, reserved 1048576K
}
Event: 119.763 GC heap after
{Heap after GC invocations=114 (full 6):
 PSYoungGen      total 750592K, used 4769K [0x00000007aab00000, 0x00000007db200000, 0x0000000800000000)
  eden space 707584K, 0% used [0x00000007aab00000,0x00000007aab00000,0x00000007d5e00000)
  from space 43008K, 11% used [0x00000007d5e00000,0x00000007d62a85a0,0x00000007d8800000)
  to   space 34304K, 0% used [0x00000007d9080000,0x00000007d9080000,0x00000007db200000)
 ParOldGen       total 186880K, used 103904K [0x0000000700000000, 0x000000070b680000, 0x00000007aab00000)
  object space 186880K, 55% used [0x0000000700000000,0x00000007065780e0,0x000000070b680000)
 Metaspace       used 155547K, committed 156608K, reserved 1245184K
  class space    used 19186K, committed 19712K, reserved 1048576K
}
Event: 123.725 GC heap before
{Heap before GC invocations=115 (full 6):
 PSYoungGen      total 750592K, used 712353K [0x00000007aab00000, 0x00000007db200000, 0x0000000800000000)
  eden space 707584K, 100% used [0x00000007aab00000,0x00000007d5e00000,0x00000007d5e00000)
  from space 43008K, 11% used [0x00000007d5e00000,0x00000007d62a85a0,0x00000007d8800000)
  to   space 34304K, 0% used [0x00000007d9080000,0x00000007d9080000,0x00000007db200000)
 ParOldGen       total 186880K, used 103904K [0x0000000700000000, 0x000000070b680000, 0x00000007aab00000)
  object space 186880K, 55% used [0x0000000700000000,0x00000007065780e0,0x000000070b680000)
 Metaspace       used 159860K, committed 161024K, reserved 1245184K
  class space    used 19753K, committed 20352K, reserved 1048576K
}
Event: 123.877 GC heap after
{Heap after GC invocations=115 (full 6):
 PSYoungGen      total 741888K, used 34288K [0x00000007aab00000, 0x00000007db200000, 0x0000000800000000)
  eden space 707584K, 0% used [0x00000007aab00000,0x00000007aab00000,0x00000007d5e00000)
  from space 34304K, 99% used [0x00000007d9080000,0x00000007db1fc038,0x00000007db200000)
  to   space 43008K, 0% used [0x00000007d5e00000,0x00000007d5e00000,0x00000007d8800000)
 ParOldGen       total 186880K, used 121385K [0x0000000700000000, 0x000000070b680000, 0x00000007aab00000)
  object space 186880K, 64% used [0x0000000700000000,0x000000070768a7f8,0x000000070b680000)
 Metaspace       used 159860K, committed 161024K, reserved 1245184K
  class space    used 19753K, committed 20352K, reserved 1048576K
}

